<?xml version="1.0" encoding="UTF-8"?>
<!-- Generated by org.testng.reporters.JUnitReportReporter -->
<testsuite hostname="DESKTOP-MHR975T" failures="0" tests="1" name="TestScripts.CreateEventTest" time="13.521" errors="0" timestamp="2024-03-14T13:54:46 IST" skipped="0">
  <testcase classname="TestScripts.CreateEventTest" name="createNewEventTest" time="13.521"/>
  <system-out/>
</testsuite> <!-- TestScripts.CreateEventTest -->
